Fri Jan 26 2018 17:24:29 GMT+0200 (Восточная Европа (зима)): GET /
Fri Jan 26 2018 17:25:04 GMT+0200 (Восточная Европа (зима)): GET /
Fri Jan 26 2018 17:25:20 GMT+0200 (Восточная Европа (зима)): GET /about
Fri Jan 26 2018 17:25:21 GMT+0200 (Восточная Европа (зима)): GET /
Fri Jan 26 2018 17:54:36 GMT+0200 (Восточная Европа (зима)): GET /
Fri Jan 26 2018 17:54:45 GMT+0200 (Восточная Европа (зима)): GET /maintenance
Fri Jan 26 2018 17:54:58 GMT+0200 (Восточная Европа (зима)): GET /maintenance
Fri Jan 26 2018 17:54:59 GMT+0200 (Восточная Европа (зима)): GET /maintenance
Fri Jan 26 2018 17:54:59 GMT+0200 (Восточная Европа (зима)): GET /maintenance
Fri Jan 26 2018 17:54:59 GMT+0200 (Восточная Европа (зима)): GET /maintenance
Fri Jan 26 2018 17:55:15 GMT+0200 (Восточная Европа (зима)): GET /maintenance
Fri Jan 26 2018 17:55:16 GMT+0200 (Восточная Европа (зима)): GET /maintenance
Fri Jan 26 2018 17:55:16 GMT+0200 (Восточная Европа (зима)): GET /maintenance
Fri Jan 26 2018 17:55:16 GMT+0200 (Восточная Европа (зима)): GET /maintenance
Fri Jan 26 2018 17:55:16 GMT+0200 (Восточная Европа (зима)): GET /maintenance
Fri Jan 26 2018 17:55:17 GMT+0200 (Восточная Европа (зима)): GET /maintenance
Fri Jan 26 2018 17:55:17 GMT+0200 (Восточная Европа (зима)): GET /maintenance
Fri Jan 26 2018 17:56:43 GMT+0200 (Восточная Европа (зима)): GET /maintenance
Fri Jan 26 2018 17:57:03 GMT+0200 (Восточная Европа (зима)): GET /maintenance
Fri Jan 26 2018 17:57:03 GMT+0200 (Восточная Европа (зима)): GET /maintenance
Fri Jan 26 2018 17:57:03 GMT+0200 (Восточная Европа (зима)): GET /maintenance
Fri Jan 26 2018 17:57:03 GMT+0200 (Восточная Европа (зима)): GET /maintenance
Sat Jan 27 2018 14:20:00 GMT+0200 (Восточная Европа (зима)): GET /
Sat Jan 27 2018 14:20:00 GMT+0200 (Восточная Европа (зима)): GET /favicon.ico
Sat Jan 27 2018 14:21:01 GMT+0200 (Восточная Европа (зима)): GET /ms
Sat Jan 27 2018 14:21:03 GMT+0200 (Восточная Европа (зима)): GET /maintenance
Sat Jan 27 2018 14:27:39 GMT+0200 (Восточная Европа (зима)): GET /maintenance
Sat Jan 27 2018 14:27:39 GMT+0200 (Восточная Европа (зима)): GET /maintenance
Sat Jan 27 2018 14:27:42 GMT+0200 (Восточная Европа (зима)): GET /maintenance
Sat Jan 27 2018 14:27:48 GMT+0200 (Восточная Европа (зима)): GET /maintenance
Sat Jan 27 2018 14:27:49 GMT+0200 (Восточная Европа (зима)): GET /maintenance
Sat Jan 27 2018 14:27:49 GMT+0200 (Восточная Европа (зима)): GET /maintenance
Sat Jan 27 2018 14:29:04 GMT+0200 (Восточная Европа (зима)): GET /help.html
Sat Jan 27 2018 14:29:06 GMT+0200 (Восточная Европа (зима)): GET /help.html
Sat Jan 27 2018 14:29:07 GMT+0200 (Восточная Европа (зима)): GET /help.html
Sat Jan 27 2018 14:29:13 GMT+0200 (Восточная Европа (зима)): GET /about
Sat Jan 27 2018 14:29:41 GMT+0200 (Восточная Европа (зима)): GET /about
Sat Jan 27 2018 14:29:43 GMT+0200 (Восточная Европа (зима)): GET /
Sat Jan 27 2018 14:29:43 GMT+0200 (Восточная Европа (зима)): GET /about
Sat Jan 27 2018 14:29:44 GMT+0200 (Восточная Европа (зима)): GET /
